Arguments: 
  C:\Program Files\nodejs\node.exe C:\Users\zhengkun\AppData\Roaming\npm\node_modules\yarn\bin\yarn.js add autoprefixer -D

PATH: 
  D:\cmder\bin;C:\Python27\;C:\Python27\Scripts;C:\Windows\system32;C:\Windows;C:\Windows\System32\Wbem;C:\Windows\System32\WindowsPowerShell\v1.0\;C:\Windows\System32\OpenSSH\;C:\Program Files\Git\cmd;C:\ProgramData\chocolatey\bin;C:\Program Files\nodejs\;C:\Users\zhengkun\AppData\Local\Microsoft\WindowsApps;C:\Users\zhengkun\AppData\Local\Programs\Microsoft VS Code\bin;C:\Users\zhengkun\AppData\Roaming\npm;C:\Program Files\Git\usr\bin;C:\Program Files\Git\usr\share\vim\vim74;D:\cmder\

Yarn version: 
  1.21.1

Node version: 
  10.15.0

Platform: 
  win32 x64

Trace: 
  Error: ENOENT: no such file or directory, copyfile 'C:\Users\zhengkun\AppData\Local\Yarn\Cache\v6\npm-regjsgen-0.5.1-48f0bf1a5ea205196929c0d9798b42d1ed98443c-integrity\node_modules\regjsgen\LICENSE' -> 'E:\my-project\firefly\node_modules\@babel\helper-create-regexp-features-plugin\node_modules\regjsgen\LICENSE'

npm manifest: 
  {
    "name": "firefly-video",
    "version": "0.2.0",
    "private": true,
    "description": "A Simple Video Player",
    "main": "bin/www",
    "scripts": {
      "start-w": "nodemon ./bin/www",
      "pack": "webpack -d",
      "pack-w": "webpack -wd",
      "start-o": "node ./bin/www",
      "forever-start": "forever start ./bin/www",
      "forever-stop": "forever stop ./bin/www",
      "forever-watch": "forever start ./bin/www -w"
    },
    "author": "Zhengkun",
    "license": "ISC",
    "dependencies": {
      "@ckeditor/ckeditor5-build-classic": "^12.3.1",
      "@ckeditor/ckeditor5-react": "^1.1.3",
      "antd": "^3.21.4",
      "axios": "^0.18.0",
      "babel-runtime": "^6.26.0",
      "body-parser": "^1.14.0",
      "connect-busboy": "^0.0.2",
      "cookie-parser": "^1.4.4",
      "export-from-json": "^1.1.4",
      "express": "^4.13.3",
      "formidable": "^1.2.1",
      "handlebars": "^4.1.2",
      "jquery": "^3.4.1",
      "js-cookie": "^2.2.0",
      "json-to-excel-fs": "^1.0.7",
      "json2csv": "^4.5.4",
      "md5": "^2.2.1",
      "moment": "^2.24.0",
      "mongoose": "^4.1.8",
      "multer": "^1.4.1",
      "nanobar": "^0.4.2",
      "progress-stream": "^2.0.0",
      "pug": "^2.0.3",
      "rc-form": "^2.4.11",
      "react": "^16.9.0",
      "socket.io": "^2.2.0",
      "socket.io-client": "^2.2.0",
      "swiper": "^4.5.0",
      "video.js": "^5.5.3",
      "wangeditor": "^3.1.1"
    },
    "devDependencies": {
      "@babel/core": "^7.5.5",
      "@babel/preset-env": "^7.5.5",
      "@babel/preset-react": "^7.0.0",
      "antd-mobile": "^2.3.1",
      "babel-cli": "^6.26.0",
      "babel-core": "^6.26.3",
      "babel-loader": "^8.0.6",
      "babel-plugin-import": "^1.12.0",
      "babel-preset-env": "^1.7.0",
      "babel-preset-es2015": "^6.24.1",
      "babel-preset-react": "^6.24.1",
      "babel-preset-stage-0": "^6.24.1",
      "css-loader": "^2.1.1",
      "expose-loader": "^0.7.5",
      "file-loader": "^3.0.1",
      "handlebars-loader": "^1.7.1",
      "less": "^3.9.0",
      "less-loader": "^5.0.0",
      "postcss-loader": "^3.0.0",
      "react-dom": "^16.9.0",
      "style-loader": "^0.23.1",
      "url-loader": "^1.1.2",
      "webpack": "^4.39.1",
      "webpack-cli": "^3.3.2",
      "webpack-dev-server": "^3.3.1"
    }
  }

yarn manifest: 
  No manifest

Lockfile: 
  No lockfile
